{"level":"\u001b[32minfo\u001b[39m","message":"{\"method\":\"GET\",\"url\":\"/api/v1/healthcheck\",\"status\":\"200\",\"responseTime\":\"4.840\"}","timestamp":"2025-11-15T07:19:18.412Z"}
{"level":"\u001b[32minfo\u001b[39m","message":"{\"method\":\"GET\",\"url\":\"/api/v1/healthcheck\",\"status\":\"200\",\"responseTime\":\"2.565\"}","timestamp":"2025-11-17T04:34:09.976Z"}
{"level":"\u001b[32minfo\u001b[39m","message":"{\"method\":\"GET\",\"url\":\"/api/v1/healthcheck\",\"status\":\"200\",\"responseTime\":\"0.468\"}","timestamp":"2025-11-17T04:35:00.476Z"}
{"level":"\u001b[32minfo\u001b[39m","message":"{\"method\":\"POST\",\"url\":\"/api/v1/user/register\",\"status\":\"404\",\"responseTime\":\"1.731\"}","timestamp":"2025-11-17T04:35:26.727Z"}
{"level":"\u001b[32minfo\u001b[39m","message":"{\"method\":\"POST\",\"url\":\"/api/v1/users/register\",\"status\":\"500\",\"responseTime\":\"1.901\"}","timestamp":"2025-11-17T04:35:33.005Z"}
{"level":"\u001b[32minfo\u001b[39m","message":"{\"method\":\"POST\",\"url\":\"/api/v1/users/register\",\"status\":\"500\",\"responseTime\":\"3.738\"}","timestamp":"2025-11-17T04:36:59.756Z"}
{"level":"\u001b[32minfo\u001b[39m","message":"{\"method\":\"POST\",\"url\":\"/api/v1/users/register\",\"status\":\"500\",\"responseTime\":\"5.664\"}","timestamp":"2025-11-17T04:46:43.978Z"}
{"level":"\u001b[32minfo\u001b[39m","message":"{\"method\":\"POST\",\"url\":\"/api/v1/users/register\",\"status\":\"500\",\"responseTime\":\"4.654\"}","timestamp":"2025-11-17T04:47:47.961Z"}
{"level":"\u001b[32minfo\u001b[39m","message":"{\"method\":\"POST\",\"url\":\"/api/v1/users/register\",\"status\":\"409\",\"responseTime\":\"5.145\"}","timestamp":"2025-11-17T04:54:39.533Z"}
{"level":"\u001b[32minfo\u001b[39m","message":"{\"method\":\"POST\",\"url\":\"/api/v1/users/register\",\"status\":\"409\",\"responseTime\":\"0.900\"}","timestamp":"2025-11-17T04:55:24.689Z"}
{"level":"\u001b[32minfo\u001b[39m","message":"{\"method\":\"POST\",\"url\":\"/api/v1/users/register\",\"status\":\"409\",\"responseTime\":\"0.523\"}","timestamp":"2025-11-17T04:55:27.688Z"}
{"level":"\u001b[32minfo\u001b[39m","message":"{\"method\":\"POST\",\"url\":\"/api/v1/users/register\",\"status\":\"409\",\"responseTime\":\"1.362\"}","timestamp":"2025-11-17T04:56:43.299Z"}
{"level":"\u001b[32minfo\u001b[39m","message":"{\"method\":\"POST\",\"url\":\"/api/v1/users/register\",\"status\":\"409\",\"responseTime\":\"1.604\"}","timestamp":"2025-11-17T04:57:31.703Z"}
{"level":"\u001b[32minfo\u001b[39m","message":"{\"method\":\"POST\",\"url\":\"/api/v1/users/register\",\"status\":\"400\",\"responseTime\":\"0.815\"}","timestamp":"2025-11-17T04:57:41.915Z"}
{"level":"\u001b[32minfo\u001b[39m","message":"{\"method\":\"POST\",\"url\":\"/api/v1/users/register\",\"status\":\"500\",\"responseTime\":\"9.064\"}","timestamp":"2025-11-17T05:02:16.603Z"}
{"level":"\u001b[32minfo\u001b[39m","message":"{\"method\":\"POST\",\"url\":\"/api/v1/users/register\",\"status\":\"500\",\"responseTime\":\"3.412\"}","timestamp":"2025-11-17T05:03:44.636Z"}
{"level":"\u001b[32minfo\u001b[39m","message":"{\"method\":\"POST\",\"url\":\"/api/v1/users/register\",\"status\":\"500\",\"responseTime\":\"11.162\"}","timestamp":"2025-11-17T05:04:14.562Z"}
{"level":"\u001b[32minfo\u001b[39m","message":"{\"method\":\"POST\",\"url\":\"/api/v1/users/register\",\"status\":\"500\",\"responseTime\":\"11.119\"}","timestamp":"2025-11-17T05:04:52.337Z"}
{"level":"\u001b[32minfo\u001b[39m","message":"{\"method\":\"POST\",\"url\":\"/api/v1/users/register\",\"status\":\"500\",\"responseTime\":\"4.292\"}","timestamp":"2025-11-17T05:04:55.708Z"}
{"level":"\u001b[32minfo\u001b[39m","message":"{\"method\":\"POST\",\"url\":\"/api/v1/users/register\",\"status\":\"500\",\"responseTime\":\"12.091\"}","timestamp":"2025-11-17T05:05:57.947Z"}
{"level":"\u001b[32minfo\u001b[39m","message":"{\"method\":\"POST\",\"url\":\"/api/v1/users/register\",\"status\":\"500\",\"responseTime\":\"11.354\"}","timestamp":"2025-11-17T05:07:38.669Z"}
{"level":"\u001b[32minfo\u001b[39m","message":"{\"method\":\"POST\",\"url\":\"/api/v1/users/register\",\"status\":\"500\",\"responseTime\":\"11.312\"}","timestamp":"2025-11-17T05:08:27.345Z"}
{"level":"\u001b[32minfo\u001b[39m","message":"{\"method\":\"POST\",\"url\":\"/api/v1/users/register\",\"status\":\"500\",\"responseTime\":\"12.904\"}","timestamp":"2025-11-17T05:08:42.182Z"}
{"level":"\u001b[32minfo\u001b[39m","message":"{\"method\":\"POST\",\"url\":\"/api/v1/users/register\",\"status\":\"500\",\"responseTime\":\"3.689\"}","timestamp":"2025-11-17T05:08:48.971Z"}
{"level":"\u001b[32minfo\u001b[39m","message":"{\"method\":\"POST\",\"url\":\"/api/v1/users/register\",\"status\":\"500\",\"responseTime\":\"7.305\"}","timestamp":"2025-11-17T05:08:49.996Z"}
{"level":"\u001b[32minfo\u001b[39m","message":"{\"method\":\"POST\",\"url\":\"/api/v1/users/register\",\"status\":\"500\",\"responseTime\":\"11.149\"}","timestamp":"2025-11-17T05:09:13.985Z"}
{"level":"\u001b[32minfo\u001b[39m","message":"{\"method\":\"POST\",\"url\":\"/api/v1/users/register\",\"status\":\"500\",\"responseTime\":\"6.716\"}","timestamp":"2025-11-17T05:09:14.820Z"}
{"level":"\u001b[32minfo\u001b[39m","message":"{\"method\":\"POST\",\"url\":\"/api/v1/users/register\",\"status\":\"500\",\"responseTime\":\"11.632\"}","timestamp":"2025-11-17T05:09:32.065Z"}
{"level":"\u001b[32minfo\u001b[39m","message":"{\"method\":\"POST\",\"url\":\"/api/v1/users/register\",\"status\":\"500\",\"responseTime\":\"15.056\"}","timestamp":"2025-11-17T05:10:56.333Z"}
{"level":"\u001b[32minfo\u001b[39m","message":"{\"method\":\"POST\",\"url\":\"/api/v1/users/register\",\"status\":\"500\",\"responseTime\":\"6.014\"}","timestamp":"2025-11-17T05:10:59.473Z"}
{"level":"\u001b[32minfo\u001b[39m","message":"{\"method\":\"POST\",\"url\":\"/api/v1/users/register\",\"status\":\"500\",\"responseTime\":\"4.198\"}","timestamp":"2025-11-17T05:11:03.739Z"}
{"level":"\u001b[32minfo\u001b[39m","message":"{\"method\":\"POST\",\"url\":\"/api/v1/users/register\",\"status\":\"201\",\"responseTime\":\"60008.849\"}","timestamp":"2025-11-17T05:13:09.100Z"}
{"level":"\u001b[32minfo\u001b[39m","message":"{\"method\":\"POST\",\"url\":\"/api/v1/users/register\",\"status\":\"500\",\"responseTime\":\"68215.517\"}","timestamp":"2025-11-17T05:22:47.697Z"}
{"level":"\u001b[32minfo\u001b[39m","message":"{\"method\":\"POST\",\"url\":\"/api/v1/users/register\",\"status\":\"201\",\"responseTime\":\"49008.258\"}","timestamp":"2025-11-17T05:29:40.296Z"}
{"level":"\u001b[32minfo\u001b[39m","message":"{\"method\":\"POST\",\"url\":\"/api/v1/users/register\",\"status\":\"500\",\"responseTime\":\"103.723\"}","timestamp":"2025-11-17T05:33:55.382Z"}
{"level":"\u001b[32minfo\u001b[39m","message":"{\"method\":\"POST\",\"url\":\"/api/v1/users/register\",\"status\":\"201\",\"responseTime\":\"34956.022\"}","timestamp":"2025-11-17T05:37:11.381Z"}
{"level":"\u001b[32minfo\u001b[39m","message":"{\"method\":\"POST\",\"url\":\"/api/v1/users/register\",\"status\":\"500\",\"responseTime\":\"32440.541\"}","timestamp":"2025-11-17T05:47:37.377Z"}
{"level":"\u001b[32minfo\u001b[39m","message":"{\"method\":\"POST\",\"url\":\"/api/v1/users/register\",\"status\":\"-\",\"responseTime\":\"-\"}","timestamp":"2025-11-17T05:49:43.798Z"}
{"level":"\u001b[32minfo\u001b[39m","message":"{\"method\":\"POST\",\"url\":\"/api/v1/users/register\",\"status\":\"-\",\"responseTime\":\"-\"}","timestamp":"2025-11-17T05:52:22.911Z"}
{"level":"\u001b[32minfo\u001b[39m","message":"{\"method\":\"POST\",\"url\":\"/api/v1/users/register\",\"status\":\"-\",\"responseTime\":\"-\"}","timestamp":"2025-11-17T05:53:42.398Z"}
{"level":"\u001b[32minfo\u001b[39m","message":"{\"method\":\"POST\",\"url\":\"/api/v1/users/register\",\"status\":\"-\",\"responseTime\":\"-\"}","timestamp":"2025-11-17T05:53:47.142Z"}
{"level":"\u001b[32minfo\u001b[39m","message":"{\"method\":\"POST\",\"url\":\"/api/v1/users/register\",\"status\":\"-\",\"responseTime\":\"-\"}","timestamp":"2025-11-17T05:53:50.309Z"}
{"level":"\u001b[32minfo\u001b[39m","message":"{\"method\":\"POST\",\"url\":\"/api/v1/users/register\",\"status\":\"201\",\"responseTime\":\"36672.927\"}","timestamp":"2025-11-18T11:02:31.537Z"}
{"level":"\u001b[32minfo\u001b[39m","message":"{\"method\":\"POST\",\"url\":\"/api/v1/users/login\",\"status\":\"500\",\"responseTime\":\"3.406\"}","timestamp":"2025-11-18T11:04:56.739Z"}
{"level":"\u001b[32minfo\u001b[39m","message":"{\"method\":\"POST\",\"url\":\"/api/v1/users/login\",\"status\":\"500\",\"responseTime\":\"1.140\"}","timestamp":"2025-11-18T11:05:04.681Z"}
{"level":"\u001b[32minfo\u001b[39m","message":"{\"method\":\"POST\",\"url\":\"/api/v1/users/login\",\"status\":\"500\",\"responseTime\":\"1.168\"}","timestamp":"2025-11-18T11:05:09.186Z"}
{"level":"\u001b[32minfo\u001b[39m","message":"{\"method\":\"POST\",\"url\":\"/api/v1/users/login\",\"status\":\"500\",\"responseTime\":\"3.427\"}","timestamp":"2025-11-18T11:05:56.358Z"}
{"level":"\u001b[32minfo\u001b[39m","message":"{\"method\":\"POST\",\"url\":\"/api/v1/users/login\",\"status\":\"500\",\"responseTime\":\"1.416\"}","timestamp":"2025-11-18T11:05:58.695Z"}
{"level":"\u001b[32minfo\u001b[39m","message":"{\"method\":\"POST\",\"url\":\"/api/v1/users/login\",\"status\":\"400\",\"responseTime\":\"3.451\"}","timestamp":"2025-11-18T11:06:52.941Z"}
{"level":"\u001b[32minfo\u001b[39m","message":"{\"method\":\"POST\",\"url\":\"/api/v1/users/login\",\"status\":\"400\",\"responseTime\":\"100.784\"}","timestamp":"2025-11-18T11:07:59.537Z"}
{"level":"\u001b[32minfo\u001b[39m","message":"{\"method\":\"POST\",\"url\":\"/api/v1/users/login\",\"status\":\"500\",\"responseTime\":\"58.082\"}","timestamp":"2025-11-18T11:08:08.564Z"}
{"level":"\u001b[32minfo\u001b[39m","message":"{\"method\":\"POST\",\"url\":\"/api/v1/users/login\",\"status\":\"400\",\"responseTime\":\"56.309\"}","timestamp":"2025-11-18T11:08:19.244Z"}
{"level":"\u001b[32minfo\u001b[39m","message":"{\"method\":\"GET\",\"url\":\"/api/v1/healthcheck\",\"status\":\"200\",\"responseTime\":\"0.511\"}","timestamp":"2025-11-18T11:08:42.912Z"}
{"level":"\u001b[32minfo\u001b[39m","message":"{\"method\":\"POST\",\"url\":\"/api/v1/users/login\",\"status\":\"400\",\"responseTime\":\"58.345\"}","timestamp":"2025-11-18T11:08:51.615Z"}
{"level":"\u001b[32minfo\u001b[39m","message":"{\"method\":\"POST\",\"url\":\"/api/v1/users/login\",\"status\":\"400\",\"responseTime\":\"58.677\"}","timestamp":"2025-11-18T11:09:05.485Z"}
{"level":"\u001b[32minfo\u001b[39m","message":"{\"method\":\"POST\",\"url\":\"/api/v1/users/login\",\"status\":\"400\",\"responseTime\":\"57.214\"}","timestamp":"2025-11-18T11:09:07.403Z"}
{"level":"\u001b[32minfo\u001b[39m","message":"{\"method\":\"POST\",\"url\":\"/api/v1/users/login\",\"status\":\"400\",\"responseTime\":\"56.648\"}","timestamp":"2025-11-18T11:09:12.685Z"}
{"level":"\u001b[32minfo\u001b[39m","message":"{\"method\":\"POST\",\"url\":\"/api/v1/users/login\",\"status\":\"400\",\"responseTime\":\"57.159\"}","timestamp":"2025-11-18T11:09:15.702Z"}
{"level":"\u001b[32minfo\u001b[39m","message":"{\"method\":\"POST\",\"url\":\"/api/v1/users/login\",\"status\":\"400\",\"responseTime\":\"75.403\"}","timestamp":"2025-11-18T11:09:26.288Z"}
{"level":"\u001b[32minfo\u001b[39m","message":"{\"method\":\"POST\",\"url\":\"/api/v1/users/login\",\"status\":\"400\",\"responseTime\":\"67.998\"}","timestamp":"2025-11-18T11:10:26.009Z"}
{"level":"\u001b[32minfo\u001b[39m","message":"{\"method\":\"POST\",\"url\":\"/api/v1/users/login\",\"status\":\"400\",\"responseTime\":\"62.012\"}","timestamp":"2025-11-18T11:10:27.069Z"}
{"level":"\u001b[32minfo\u001b[39m","message":"{\"method\":\"POST\",\"url\":\"/api/v1/users/login\",\"status\":\"400\",\"responseTime\":\"75.808\"}","timestamp":"2025-11-18T11:10:37.601Z"}
{"level":"\u001b[32minfo\u001b[39m","message":"{\"method\":\"POST\",\"url\":\"/api/v1/users/login\",\"status\":\"400\",\"responseTime\":\"77.830\"}","timestamp":"2025-11-18T11:11:02.662Z"}
{"level":"\u001b[32minfo\u001b[39m","message":"{\"method\":\"POST\",\"url\":\"/api/v1/users/login\",\"status\":\"400\",\"responseTime\":\"78.900\"}","timestamp":"2025-11-18T11:11:58.116Z"}
{"level":"\u001b[32minfo\u001b[39m","message":"{\"method\":\"POST\",\"url\":\"/api/v1/users/login\",\"status\":\"400\",\"responseTime\":\"71.836\"}","timestamp":"2025-11-18T11:12:56.112Z"}
{"level":"\u001b[32minfo\u001b[39m","message":"{\"method\":\"POST\",\"url\":\"/api/v1/users/register\",\"status\":\"201\",\"responseTime\":\"37028.244\"}","timestamp":"2025-11-18T11:16:33.412Z"}
{"level":"\u001b[32minfo\u001b[39m","message":"{\"method\":\"POST\",\"url\":\"/api/v1/users/login\",\"status\":\"200\",\"responseTime\":\"571.987\"}","timestamp":"2025-11-18T11:16:52.322Z"}
{"level":"\u001b[32minfo\u001b[39m","message":"{\"method\":\"GET\",\"url\":\"/api/v1/healthcheck\",\"status\":\"200\",\"responseTime\":\"4.123\"}","timestamp":"2025-11-20T04:23:23.346Z"}
{"level":"\u001b[32minfo\u001b[39m","message":"{\"method\":\"POST\",\"url\":\"/api/v1/users/register\",\"status\":\"201\",\"responseTime\":\"42441.287\"}","timestamp":"2025-11-20T04:25:07.132Z"}
{"level":"\u001b[32minfo\u001b[39m","message":"{\"method\":\"POST\",\"url\":\"/api/v1/users/login\",\"status\":\"200\",\"responseTime\":\"780.003\"}","timestamp":"2025-11-20T04:26:03.256Z"}
{"level":"\u001b[32minfo\u001b[39m","message":"{\"method\":\"GET\",\"url\":\"/api/v1/users/current-user\",\"status\":\"200\",\"responseTime\":\"60.813\"}","timestamp":"2025-11-20T04:28:20.218Z"}
{"level":"\u001b[32minfo\u001b[39m","message":"{\"method\":\"GET\",\"url\":\"//api/v1/healthcheck\",\"status\":\"404\",\"responseTime\":\"3.876\"}","timestamp":"2025-11-22T14:34:03.007Z"}
{"level":"\u001b[32minfo\u001b[39m","message":"{\"method\":\"GET\",\"url\":\"/api/v1/healthcheck\",\"status\":\"200\",\"responseTime\":\"2.377\"}","timestamp":"2025-11-22T14:34:14.111Z"}
{"level":"\u001b[32minfo\u001b[39m","message":"{\"method\":\"POST\",\"url\":\"/api/v1/users/login\",\"status\":\"200\",\"responseTime\":\"1119.023\"}","timestamp":"2025-11-22T14:37:53.313Z"}
{"level":"\u001b[32minfo\u001b[39m","message":"{\"method\":\"GET\",\"url\":\"/api/v1/users/current-user\",\"status\":\"200\",\"responseTime\":\"232.300\"}","timestamp":"2025-11-22T14:38:49.780Z"}
{"level":"\u001b[32minfo\u001b[39m","message":"{\"method\":\"GET\",\"url\":\"/api/v1/users/current-user\",\"status\":\"200\",\"responseTime\":\"198.353\"}","timestamp":"2025-11-22T14:51:13.625Z"}
{"level":"\u001b[32minfo\u001b[39m","message":"{\"method\":\"GET\",\"url\":\"/api/v1/users/current-user\",\"status\":\"200\",\"responseTime\":\"99.134\"}","timestamp":"2025-11-22T14:51:19.636Z"}
{"level":"\u001b[32minfo\u001b[39m","message":"{\"method\":\"POST\",\"url\":\"/api/v1/tweets\",\"status\":\"201\",\"responseTime\":\"124.310\"}","timestamp":"2025-11-22T14:52:38.475Z"}
{"level":"\u001b[32minfo\u001b[39m","message":"{\"method\":\"GET\",\"url\":\"/api/v1/tweets/user/691c5590f35dba3f7e733330\",\"status\":\"200\",\"responseTime\":\"1138.585\"}","timestamp":"2025-11-22T15:05:20.035Z"}
{"level":"\u001b[32minfo\u001b[39m","message":"{\"method\":\"GET\",\"url\":\"/api/v1/tweets/user/691c5590f35dba3f7e733330\",\"status\":\"200\",\"responseTime\":\"862.610\"}","timestamp":"2025-11-22T15:15:34.325Z"}
{"level":"\u001b[32minfo\u001b[39m","message":"{\"method\":\"GET\",\"url\":\"/api/v1/tweets/user/691c5590f35dba3f7e733330\",\"status\":\"200\",\"responseTime\":\"386.865\"}","timestamp":"2025-11-22T15:16:31.162Z"}
{"level":"\u001b[32minfo\u001b[39m","message":"{\"method\":\"GET\",\"url\":\"/api/v1/tweets/user/691c5590f35dba3f7e733330\",\"status\":\"200\",\"responseTime\":\"354.500\"}","timestamp":"2025-11-22T15:16:36.327Z"}
{"level":"\u001b[32minfo\u001b[39m","message":"{\"method\":\"GET\",\"url\":\"/api/v1/tweets/user/691c5590f35dba3f7e733330\",\"status\":\"200\",\"responseTime\":\"594.344\"}","timestamp":"2025-11-22T15:17:34.399Z"}
{"level":"\u001b[32minfo\u001b[39m","message":"{\"method\":\"GET\",\"url\":\"/api/v1/tweets/user/691c5590f35dba3f7e733330\",\"status\":\"200\",\"responseTime\":\"277.698\"}","timestamp":"2025-11-22T15:19:46.972Z"}
{"level":"\u001b[32minfo\u001b[39m","message":"{\"method\":\"GET\",\"url\":\"/api/v1/tweets/user/691c5590f35dba3f7e733330\",\"status\":\"200\",\"responseTime\":\"274.755\"}","timestamp":"2025-11-22T15:19:49.325Z"}
{"level":"\u001b[32minfo\u001b[39m","message":"{\"method\":\"GET\",\"url\":\"/api/v1/tweets/user/691c5590f35dba3f7e733330\",\"status\":\"200\",\"responseTime\":\"488.559\"}","timestamp":"2025-11-22T15:19:51.002Z"}
{"level":"\u001b[32minfo\u001b[39m","message":"{\"method\":\"GET\",\"url\":\"/api/v1/tweets/user/691c5590f35dba3f7e733330\",\"status\":\"200\",\"responseTime\":\"294.896\"}","timestamp":"2025-11-22T15:20:04.170Z"}
{"level":"\u001b[32minfo\u001b[39m","message":"{\"method\":\"POST\",\"url\":\"/api/v1/tweets\",\"status\":\"201\",\"responseTime\":\"263.203\"}","timestamp":"2025-11-22T15:21:01.769Z"}
{"level":"\u001b[32minfo\u001b[39m","message":"{\"method\":\"GET\",\"url\":\"/api/v1/tweets/user/691c5590f35dba3f7e733330\",\"status\":\"200\",\"responseTime\":\"310.631\"}","timestamp":"2025-11-22T15:21:07.667Z"}
{"level":"\u001b[32minfo\u001b[39m","message":"{\"method\":\"POST\",\"url\":\"/api/v1/tweets\",\"status\":\"201\",\"responseTime\":\"362.310\"}","timestamp":"2025-11-22T15:21:21.688Z"}
{"level":"\u001b[32minfo\u001b[39m","message":"{\"method\":\"GET\",\"url\":\"/api/v1/tweets/user/691c5590f35dba3f7e733330\",\"status\":\"200\",\"responseTime\":\"224.204\"}","timestamp":"2025-11-22T15:21:52.807Z"}
{"level":"\u001b[32minfo\u001b[39m","message":"{\"method\":\"GET\",\"url\":\"/api/v1/users/current-user\",\"status\":\"200\",\"responseTime\":\"286.261\"}","timestamp":"2025-11-22T15:23:30.165Z"}
{"level":"\u001b[32minfo\u001b[39m","message":"{\"method\":\"GET\",\"url\":\"/api/v1/tweets/user/691c5590f35dba3f7e733330\",\"status\":\"200\",\"responseTime\":\"231.788\"}","timestamp":"2025-11-22T15:24:07.952Z"}
{"level":"\u001b[32minfo\u001b[39m","message":"{\"method\":\"GET\",\"url\":\"/api/v1/tweets/user/691c5590f35dba3f7e733330\",\"status\":\"200\",\"responseTime\":\"485.442\"}","timestamp":"2025-11-22T15:25:49.994Z"}
{"level":"\u001b[32minfo\u001b[39m","message":"{\"method\":\"GET\",\"url\":\"/api/v1/tweets/user/691c5590f35dba3f7e733330\",\"status\":\"200\",\"responseTime\":\"355.048\"}","timestamp":"2025-11-22T15:31:44.640Z"}
